Arguments: 
  C:\Program Files\nodejs\node.exe C:\Program Files (x86)\Yarn\bin\yarn.js add semantics-min.js

PATH: 
  C:\Python310\Scripts\;C:\Python310\;C:\Program Files\CollabNet\Subversion Client;C:\Program Files (x86)\Common Files\Oracle\Java\javapath;C:\windows\system32;C:\windows;C:\windows\System32\Wbem;C:\windows\System32\WindowsPowerShell\v1.0\;C:\windows\System32\OpenSSH\;C:\ProgramData\chocolatey\bin;C:\Program Files\Docker\Docker\resources\bin;C:\ProgramData\DockerDesktop\version-bin;C:\Program Files\TortoiseGit\bin;C:\Program Files\Git\cmd;C:\Program Files\PuTTY\;C:\Program Files\TortoiseSVN\bin;C:\Program Files (x86)\Microsoft SQL Server\150\DTS\Binn\;C:\Program Files\Azure Data Studio\bin;c:\N4\3.8\tools\bin;C:\utilities\cygwin\bin;C:\Program Files\Java\jdk1.8.0_311\bin;C:\Program Files\Common Files\Oracle\Java\javapath;C:\Program Files (x86)\PuTTY\;C:\Program Files\nodejs\;C:\Program Files (x86)\Yarn\bin\;C:\Ruby31-x64\bin;C:\Users\ahmadim\AppData\Local\Microsoft\WindowsApps;C:\Program Files\Azure Data Studio\bin;C:\Program Files\MySQL\MySQL Server 5.6\bin;C:\Users\ahmadim\AppData\Local\atom\bin;C:\Users\ahmadim\AppData\Roaming\npm;C:\Program Files\heroku\bin;C:\Users\ahmadim\AppData\Local\Yarn\bin

Yarn version: 
  1.22.19

Node version: 
  16.17.0

Platform: 
  win32 x64

Trace: 
  Error: https://registry.yarnpkg.com/semantics-min.js: Not found
      at Request.params.callback [as _callback] (C:\Program Files (x86)\Yarn\lib\cli.js:66145:18)
      at Request.self.callback (C:\Program Files (x86)\Yarn\lib\cli.js:140890:22)
      at Request.emit (node:events:513:28)
      at Request.<anonymous> (C:\Program Files (x86)\Yarn\lib\cli.js:141862:10)
      at Request.emit (node:events:513:28)
      at IncomingMessage.<anonymous> (C:\Program Files (x86)\Yarn\lib\cli.js:141784:12)
      at Object.onceWrapper (node:events:627:28)
      at IncomingMessage.emit (node:events:525:35)
      at endReadableNT (node:internal/streams/readable:1358:12)
      at processTicksAndRejections (node:internal/process/task_queues:83:21)

npm manifest: 
  {
    "dependencies": {
      "@doabit/semantic-ui-sass": "^2.4.5",
      "jquery": "^3.6.1",
      "popper.js": "^1.16.1",
      "semantic-ui-sass": "^2.4.2"
    }
  }

yarn manifest: 
  No manifest

Lockfile: 
  # THIS IS AN AUTOGENERATED FILE. DO NOT EDIT THIS FILE DIRECTLY.
  # yarn lockfile v1
  
  
  "@doabit/semantic-ui-sass@^2.4.5":
    version "2.4.5"
    resolved "https://registry.yarnpkg.com/@doabit/semantic-ui-sass/-/semantic-ui-sass-2.4.5.tgz#8f695db2bb97605e412dc0bafe34fe70f738354c"
    integrity sha512-22JM+johZwSwJlb8yo5E1NOBO7Cm/1KUGTIYd+o4yGXZxLTyJaX1PWh1jPZ/QlJ55A7UOFrIyG93ui3VgY5JFA==
  
  jquery@^3.6.1:
    version "3.6.1"
    resolved "https://registry.yarnpkg.com/jquery/-/jquery-3.6.1.tgz#fab0408f8b45fc19f956205773b62b292c147a16"
    integrity sha512-opJeO4nCucVnsjiXOE+/PcCgYw9Gwpvs/a6B1LL/lQhwWwpbVEVYDZ1FokFr8PRc7ghYlrFPuyHuiiDNTQxmcw==
  
  popper.js@^1.16.1:
    version "1.16.1"
    resolved "https://registry.yarnpkg.com/popper.js/-/popper.js-1.16.1.tgz#2a223cb3dc7b6213d740e40372be40de43e65b1b"
    integrity sha512-Wb4p1J4zyFTbM+u6WuO4XstYx4Ky9Cewe4DWrel7B0w6VVICvPwdOpotjzcf6eD8TsckVnIMNONQyPIUFOUbCQ==
  
  semantic-ui-sass@^2.4.2:
    version "2.4.2"
    resolved "https://registry.yarnpkg.com/semantic-ui-sass/-/semantic-ui-sass-2.4.2.tgz#ac1151ecf2c1b3d41fe55e4e4db5144a5d90cfec"
    integrity sha512-UgDCDHqc36kBWjHqVOhYcm12Dewiro6SY80OUBUuSXEKRVn6Uph47OGB+JnGzblRbcmUNdNedGSAwZg8Pk6sDQ==
